# JRE version: OpenJDK Runtime Environment Temurin-17.0.2+8 (17.0.2+8) (build 17.0.2+8)
# Java VM: OpenJDK 64-Bit Server VM Temurin-17.0.2+8 (17.0.2+8, mixed mode, tiered, compressed oops, compressed class ptrs, g1 gc, linux-amd64)
GC Precious Log:
 CPUs: 4 total, 4 available
 Memory: 7734M
 Large Page Support: Disabled
 NUMA Support: Disabled
 Compressed Oops: Enabled (32-bit)
 Heap Region Size: 1M
 Heap Min Capacity: 8M
 Heap Initial Capacity: 122M
 Heap Max Capacity: 1934M
 Pre-touch: Disabled
 Parallel Workers: 4
 Concurrent Workers: 1
 Concurrent Refinement Workers: 4
 Periodic GC: Disabled
Heap:
 garbage-first heap   total 59392K, used 32031K [0x0000000087200000, 0x0000000100000000)
  region size 1024K, 8 young (8192K), 3 survivors (3072K)
 Metaspace       used 71713K, committed 72192K, reserved 1114112K
  class space    used 9357K, committed 9600K, reserved 1048576K
GC Heap History (20 events):
Event: 6.992 GC heap before
{Heap before GC invocations=11 (full 0):
 garbage-first heap   total 49152K, used 35469K [0x0000000087200000, 0x0000000100000000)
  region size 1024K, 20 young (20480K), 2 survivors (2048K)
 Metaspace       used 45393K, committed 45760K, reserved 1089536K
  class space    used 5821K, committed 6016K, reserved 1048576K
}
Event: 7.004 GC heap after
{Heap after GC invocations=12 (full 0):
 garbage-first heap   total 49152K, used 18906K [0x0000000087200000, 0x0000000100000000)
  region size 1024K, 3 young (3072K), 3 survivors (3072K)
 Metaspace       used 45393K, committed 45760K, reserved 1089536K
  class space    used 5821K, committed 6016K, reserved 1048576K
}
Event: 7.608 GC heap before
{Heap before GC invocations=12 (full 0):
 garbage-first heap   total 49152K, used 36314K [0x0000000087200000, 0x0000000100000000)
  region size 1024K, 20 young (20480K), 3 survivors (3072K)
 Metaspace       used 50750K, committed 51136K, reserved 1097728K
  class space    used 6597K, committed 6784K, reserved 1048576K
}
Event: 7.614 GC heap after
{Heap after GC invocations=13 (full 0):
 garbage-first heap   total 49152K, used 19935K [0x0000000087200000, 0x0000000100000000)
  region size 1024K, 2 young (2048K), 2 survivors (2048K)
 Metaspace       used 50750K, committed 51136K, reserved 1097728K
  class space    used 6597K, committed 6784K, reserved 1048576K
}
Event: 7.957 GC heap before
{Heap before GC invocations=13 (full 0):
 garbage-first heap   total 49152K, used 36319K [0x0000000087200000, 0x0000000100000000)
  region size 1024K, 18 young (18432K), 2 survivors (2048K)
 Metaspace       used 53407K, committed 53760K, reserved 1097728K
  class space    used 6932K, committed 7104K, reserved 1048576K
}
Event: 7.962 GC heap after
{Heap after GC invocations=14 (full 0):
 garbage-first heap   total 49152K, used 20811K [0x0000000087200000, 0x0000000100000000)
  region size 1024K, 2 young (2048K), 2 survivors (2048K)
 Metaspace       used 53407K, committed 53760K, reserved 1097728K
  class space    used 6932K, committed 7104K, reserved 1048576K
}
Event: 8.425 GC heap before
{Heap before GC invocations=14 (full 0):
 garbage-first heap   total 49152K, used 37195K [0x0000000087200000, 0x0000000100000000)
  region size 1024K, 18 young (18432K), 2 survivors (2048K)
 Metaspace       used 56301K, committed 56704K, reserved 1105920K
  class space    used 7427K, committed 7616K, reserved 1048576K
}
Event: 8.437 GC heap after
{Heap after GC invocations=15 (full 0):
 garbage-first heap   total 59392K, used 21535K [0x0000000087200000, 0x0000000100000000)
  region size 1024K, 2 young (2048K), 2 survivors (2048K)
 Metaspace       used 56301K, committed 56704K, reserved 1105920K
  class space    used 7427K, committed 7616K, reserved 1048576K
}
Event: 9.137 GC heap before
{Heap before GC invocations=15 (full 0):
 garbage-first heap   total 59392K, used 37919K [0x0000000087200000, 0x0000000100000000)
  region size 1024K, 20 young (20480K), 2 survivors (2048K)
 Metaspace       used 60128K, committed 60480K, reserved 1105920K
  class space    used 7894K, committed 8064K, reserved 1048576K
}
Event: 9.143 GC heap after
{Heap after GC invocations=16 (full 0):
 garbage-first heap   total 59392K, used 22736K [0x0000000087200000, 0x0000000100000000)
  region size 1024K, 3 young (3072K), 3 survivors (3072K)
 Metaspace       used 60128K, committed 60480K, reserved 1105920K
  class space    used 7894K, committed 8064K, reserved 1048576K
}
Event: 9.608 GC heap before
{Heap before GC invocations=17 (full 0):
 garbage-first heap   total 59392K, used 46288K [0x0000000087200000, 0x0000000100000000)
  region size 1024K, 26 young (26624K), 3 survivors (3072K)
 Metaspace       used 62167K, committed 62592K, reserved 1105920K
  class space    used 8229K, committed 8448K, reserved 1048576K
}
Event: 9.617 GC heap after
{Heap after GC invocations=18 (full 0):
 garbage-first heap   total 59392K, used 23926K [0x0000000087200000, 0x0000000100000000)
  region size 1024K, 4 young (4096K), 4 survivors (4096K)
 Metaspace       used 62167K, committed 62592K, reserved 1105920K
  class space    used 8229K, committed 8448K, reserved 1048576K
}
Event: 10.061 GC heap before
{Heap before GC invocations=19 (full 0):
 garbage-first heap   total 59392K, used 45430K [0x0000000087200000, 0x0000000100000000)
  region size 1024K, 25 young (25600K), 4 survivors (4096K)
 Metaspace       used 63303K, committed 63744K, reserved 1105920K
  class space    used 8374K, committed 8576K, reserved 1048576K
}
Event: 10.071 GC heap after
{Heap after GC invocations=20 (full 0):
 garbage-first heap   total 59392K, used 25513K [0x0000000087200000, 0x0000000100000000)
  region size 1024K, 3 young (3072K), 3 survivors (3072K)
 Metaspace       used 63303K, committed 63744K, reserved 1105920K
  class space    used 8374K, committed 8576K, reserved 1048576K
}
Event: 16.949 GC heap before
{Heap before GC invocations=20 (full 0):
 garbage-first heap   total 59392K, used 47017K [0x0000000087200000, 0x0000000100000000)
  region size 1024K, 24 young (24576K), 3 survivors (3072K)
 Metaspace       used 65406K, committed 65856K, reserved 1105920K
  class space    used 8651K, committed 8832K, reserved 1048576K
}
Event: 16.957 GC heap after
{Heap after GC invocations=21 (full 0):
 garbage-first heap   total 59392K, used 26961K [0x0000000087200000, 0x0000000100000000)
  region size 1024K, 3 young (3072K), 3 survivors (3072K)
 Metaspace       used 65406K, committed 65856K, reserved 1105920K
  class space    used 8651K, committed 8832K, reserved 1048576K
}
Event: 478.794 GC heap before
{Heap before GC invocations=21 (full 0):
 garbage-first heap   total 59392K, used 46417K [0x0000000087200000, 0x0000000100000000)
  region size 1024K, 22 young (22528K), 3 survivors (3072K)
 Metaspace       used 68961K, committed 69376K, reserved 1114112K
  class space    used 9074K, committed 9280K, reserved 1048576K
}
Event: 478.801 GC heap after
{Heap after GC invocations=22 (full 0):
 garbage-first heap   total 59392K, used 28019K [0x0000000087200000, 0x0000000100000000)
  region size 1024K, 2 young (2048K), 2 survivors (2048K)
 Metaspace       used 68961K, committed 69376K, reserved 1114112K
  class space    used 9074K, committed 9280K, reserved 1048576K
}
Event: 1835.619 GC heap before
{Heap before GC invocations=22 (full 0):
 garbage-first heap   total 59392K, used 47475K [0x0000000087200000, 0x0000000100000000)
  region size 1024K, 21 young (21504K), 2 survivors (2048K)
 Metaspace       used 70262K, committed 70720K, reserved 1114112K
  class space    used 9193K, committed 9408K, reserved 1048576K
}
Event: 1835.630 GC heap after
{Heap after GC invocations=23 (full 0):
 garbage-first heap   total 59392K, used 28959K [0x0000000087200000, 0x0000000100000000)
  region size 1024K, 3 young (3072K), 3 survivors (3072K)
 Metaspace       used 70262K, committed 70720K, reserved 1114112K
  class space    used 9193K, committed 9408K, reserved 1048576K
}

